<?xml version="1.0" encoding="UTF-8"?>
<testng-results skipped="0" failed="0" ignored="0" total="4" passed="4">
  <reporter-output>
  </reporter-output>
  <suite name="Surefire suite" duration-ms="20064" started-at="2022-03-09T15:28:44 EST" finished-at="2022-03-09T15:29:04 EST">
    <groups>
      <group name="cucumber">
        <method signature="AbstractTestNGCucumberTests.runScenario(io.cucumber.testng.PickleWrapper, io.cucumber.testng.FeatureWrapper)[pri:0, instance:TestRunner@1877ab81]" name="runScenario" class="io.cucumber.testng.AbstractTestNGCucumberTests"/>
      </group> <!-- cucumber -->
    </groups>
    <test name="Surefire test" duration-ms="20064" started-at="2022-03-09T15:28:44 EST" finished-at="2022-03-09T15:29:04 EST">
      <class name="TestRunner">
        <test-method status="PASS" signature="setUpClass()[pri:0, instance:TestRunner@1877ab81]" name="setUpClass" is-config="true" duration-ms="547" started-at="2022-03-09T15:28:44 EST" finished-at="2022-03-09T15:28:45 EST">
          <reporter-output>
          </reporter-output>
        </test-method> <!-- setUpClass -->
        <test-method status="PASS" signature="runScenario(io.cucumber.testng.PickleWrapper, io.cucumber.testng.FeatureWrapper)[pri:0, instance:TestRunner@1877ab81]" name="runScenario" duration-ms="8445" started-at="2022-03-09T15:28:45 EST" description="Runs Cucumber Scenarios" data-provider="scenarios" finished-at="2022-03-09T15:28:53 EST">
          <params>
            <param index="0">
              <value>
                <![CDATA["Login with valid email and password"]]>
              </value>
            </param>
            <param index="1">
              <value>
                <![CDATA["Optional[Login Test]"]]>
              </value>
            </param>
          </params>
          <reporter-output>
          </reporter-output>
        </test-method> <!-- runScenario -->
        <test-method status="PASS" signature="runScenario(io.cucumber.testng.PickleWrapper, io.cucumber.testng.FeatureWrapper)[pri:0, instance:TestRunner@1877ab81]" name="runScenario" duration-ms="3458" started-at="2022-03-09T15:28:53 EST" description="Runs Cucumber Scenarios" data-provider="scenarios" finished-at="2022-03-09T15:28:57 EST">
          <params>
            <param index="0">
              <value>
                <![CDATA["Login with invalid email and valid password"]]>
              </value>
            </param>
            <param index="1">
              <value>
                <![CDATA["Optional[Login Test]"]]>
              </value>
            </param>
          </params>
          <reporter-output>
          </reporter-output>
        </test-method> <!-- runScenario -->
        <test-method status="PASS" signature="runScenario(io.cucumber.testng.PickleWrapper, io.cucumber.testng.FeatureWrapper)[pri:0, instance:TestRunner@1877ab81]" name="runScenario" duration-ms="3541" started-at="2022-03-09T15:28:57 EST" description="Runs Cucumber Scenarios" data-provider="scenarios" finished-at="2022-03-09T15:29:00 EST">
          <params>
            <param index="0">
              <value>
                <![CDATA["Login with different sets of dynamic data"]]>
              </value>
            </param>
            <param index="1">
              <value>
                <![CDATA["Optional[Login Test]"]]>
              </value>
            </param>
          </params>
          <reporter-output>
          </reporter-output>
        </test-method> <!-- runScenario -->
        <test-method status="PASS" signature="runScenario(io.cucumber.testng.PickleWrapper, io.cucumber.testng.FeatureWrapper)[pri:0, instance:TestRunner@1877ab81]" name="runScenario" duration-ms="3814" started-at="2022-03-09T15:29:00 EST" description="Runs Cucumber Scenarios" data-provider="scenarios" finished-at="2022-03-09T15:29:04 EST">
          <params>
            <param index="0">
              <value>
                <![CDATA["Login with different sets of dynamic data"]]>
              </value>
            </param>
            <param index="1">
              <value>
                <![CDATA["Optional[Login Test]"]]>
              </value>
            </param>
          </params>
          <reporter-output>
          </reporter-output>
        </test-method> <!-- runScenario -->
        <test-method status="PASS" signature="tearDownClass()[pri:0, instance:TestRunner@1877ab81]" name="tearDownClass" is-config="true" duration-ms="204" started-at="2022-03-09T15:29:04 EST" finished-at="2022-03-09T15:29:04 EST">
          <reporter-output>
          </reporter-output>
        </test-method> <!-- tearDownClass -->
      </class> <!-- TestRunner -->
    </test> <!-- Surefire test -->
  </suite> <!-- Surefire suite -->
</testng-results>
